Wed,10-Feb-2021 11:55:37AM   Measurement started (Software version: 3.2.1.15 Preview_4).
Wed,10-Feb-2021 11:55:37AM   Move Cup L1 to Position  5.450
Wed,10-Feb-2021 11:55:37AM   Move Cup H1 to Position  6.525
Wed,10-Feb-2021 11:55:37AM   Move Cup H2 to Position 16.400
Wed,10-Feb-2021 11:55:37AM   Move Cup H3 to Position 31.500
Wed,10-Feb-2021 11:55:41AM   Waiting for Parameter Ramps...
Wed,10-Feb-2021 11:55:45AM   Low Cup Motor Position started
Wed,10-Feb-2021 11:55:45AM   High Cup Motor Position started
Wed,10-Feb-2021 11:55:45AM   Low Cup Motor Position is ok
Wed,10-Feb-2021 11:55:45AM   High Cup Motor Position is ok
Wed,10-Feb-2021 11:55:47AM   Parameter Ramps done.
Wed,10-Feb-2021 11:56:00AM   Wash Autosampler.
Wed,10-Feb-2021 11:56:14AM   Moving Autosampler to Position 0, 1
Wed,10-Feb-2021 11:57:17AM   Autosampler done.

Reading cup configuration: Name: uth.ccf,Mass Set: Main.

Wed,10-Feb-2021 11:57:17AM   Current Experiment is EXP_MEASURE.
Wed,10-Feb-2021 11:57:17AM   Current Block is 1.

**************************************************************************
Current Settings at Start of Block 1:

Extraction[V]:         -2000.0
Focus[V]:              -635.1
Source Quad1[V]:       248.2
Rot-Quad1[V]:           -0.8
Foc-Quad1[V]:          -19.5
Rot-Quad2[V]:           -0.1
Source Offset[V]:        0.0
Matsuda Plate[V]:       -1.1
Cool Gas[l/min]:        16.2
Aux Gas[l/min]:          0.8
Sample Gas[l/min]:       0.9
Add Gas[l/min]:          0.0
Org Gas[l/min]:          0.0
Operation Power[W]:    1302.6
X-Pos[mm]:              -0.5
Y-Pos[mm]:              -2.2
Z-Pos[mm]:              -1.9
Ampl.-Temp[°C]:        46.69
Fore Vacuum[mbar]:     1.2158e-003
High Vacuum[mbar]:     1.7096e-007
IonGetter-Press[mbar]: 4.4808e-009

**************************************************************************
Wed,10-Feb-2021 11:59:54AM   CHeaterControl: Send Message TM_MEASURE_DONE.
