Wed,10-Feb-2021 03:53:09PM   Measurement started (Software version: 3.2.1.15 Preview_4).
Wed,10-Feb-2021 03:53:09PM   Move Cup L1 to Position  5.450
Wed,10-Feb-2021 03:53:09PM   Move Cup H1 to Position  6.525
Wed,10-Feb-2021 03:53:09PM   Move Cup H2 to Position 16.400
Wed,10-Feb-2021 03:53:09PM   Move Cup H3 to Position 31.500
Wed,10-Feb-2021 03:53:13PM   Waiting for Parameter Ramps...
Wed,10-Feb-2021 03:53:16PM   Low Cup Motor Position started
Wed,10-Feb-2021 03:53:16PM   High Cup Motor Position started
Wed,10-Feb-2021 03:53:16PM   Low Cup Motor Position is ok
Wed,10-Feb-2021 03:53:16PM   High Cup Motor Position is ok
Wed,10-Feb-2021 03:53:18PM   Parameter Ramps done.
Wed,10-Feb-2021 03:53:31PM   Wash Autosampler.
Wed,10-Feb-2021 03:53:45PM   Moving Autosampler to Position 1, 1
Wed,10-Feb-2021 03:54:48PM   Autosampler done.

Reading cup configuration: Name: uth.ccf,Mass Set: Main.

Wed,10-Feb-2021 03:54:48PM   Current Experiment is EXP_MEASURE.
Wed,10-Feb-2021 03:54:48PM   Current Block is 1.

**************************************************************************
Current Settings at Start of Block 1:

Extraction[V]:         -2000.0
Focus[V]:              -635.1
Source Quad1[V]:       248.2
Rot-Quad1[V]:           -0.7
Foc-Quad1[V]:          -19.5
Rot-Quad2[V]:           -0.1
Source Offset[V]:        0.0
Matsuda Plate[V]:       -1.1
Cool Gas[l/min]:        16.2
Aux Gas[l/min]:          0.8
Sample Gas[l/min]:       0.9
Add Gas[l/min]:          0.0
Org Gas[l/min]:          0.0
Operation Power[W]:    1302.6
X-Pos[mm]:              -0.5
Y-Pos[mm]:              -2.2
Z-Pos[mm]:              -1.9
Ampl.-Temp[°C]:        46.75
Fore Vacuum[mbar]:     1.1257e-003
High Vacuum[mbar]:     1.9051e-007
IonGetter-Press[mbar]: 1.1654e-008

**************************************************************************
Wed,10-Feb-2021 04:02:25PM   CHeaterControl: Send Message TM_MEASURE_DONE.
