Mon,03-Dec-2018 01:05:49PM   Measurement started (Software version: 3.2.1.15 Preview_4).
Mon,03-Dec-2018 01:05:49PM   Move Cup L1 to Position  5.450
Mon,03-Dec-2018 01:05:49PM   Move Cup H1 to Position  6.525
Mon,03-Dec-2018 01:05:49PM   Move Cup H2 to Position 16.400
Mon,03-Dec-2018 01:05:49PM   Move Cup H3 to Position 31.500
Mon,03-Dec-2018 01:05:53PM   Waiting for Parameter Ramps...
Mon,03-Dec-2018 01:05:57PM   Low Cup Motor Position started
Mon,03-Dec-2018 01:05:57PM   High Cup Motor Position started
Mon,03-Dec-2018 01:05:57PM   Low Cup Motor Position is ok
Mon,03-Dec-2018 01:05:57PM   High Cup Motor Position is ok
Mon,03-Dec-2018 01:05:59PM   Parameter Ramps done.
Mon,03-Dec-2018 01:06:12PM   Wash Autosampler.
Mon,03-Dec-2018 01:06:26PM   Moving Autosampler to Position 0, 9
Mon,03-Dec-2018 01:07:28PM   Autosampler done.

Reading cup configuration: Name: uth.ccf,Mass Set: yhas12.

Mon,03-Dec-2018 01:07:28PM   Current Experiment is EXP_MEASURE.
Mon,03-Dec-2018 01:07:28PM   Current Block is 1.

**************************************************************************
Current Settings at Start of Block 1:

Extraction[V]:         -2000.0
Focus[V]:              -613.6
Source Quad1[V]:       248.3
Rot-Quad1[V]:           -0.7
Foc-Quad1[V]:          -19.5
Rot-Quad2[V]:           -0.1
Source Offset[V]:        0.0
Matsuda Plate[V]:       -1.1
Cool Gas[l/min]:        16.2
Aux Gas[l/min]:          0.8
Sample Gas[l/min]:       0.8
Add Gas[l/min]:          0.0
Org Gas[l/min]:          0.0
Operation Power[W]:    1302.6
X-Pos[mm]:              -0.7
Y-Pos[mm]:              -2.3
Z-Pos[mm]:              -1.8
Ampl.-Temp[°C]:        46.80
Fore Vacuum[mbar]:     1.2699e-003
High Vacuum[mbar]:     2.3889e-007
IonGetter-Press[mbar]: 1.3642e-008

**************************************************************************
Mon,03-Dec-2018 01:08:51PM   CHeaterControl: Send Message TM_MEASURE_DONE.
