Mon,03-Dec-2018 02:06:51PM   Measurement started (Software version: 3.2.1.15 Preview_4).
Mon,03-Dec-2018 02:06:51PM   Move Cup L1 to Position  5.450
Mon,03-Dec-2018 02:06:51PM   Move Cup H1 to Position  6.525
Mon,03-Dec-2018 02:06:51PM   Move Cup H2 to Position 16.400
Mon,03-Dec-2018 02:06:51PM   Move Cup H3 to Position 31.500
Mon,03-Dec-2018 02:06:55PM   Waiting for Parameter Ramps...
Mon,03-Dec-2018 02:06:58PM   Low Cup Motor Position started
Mon,03-Dec-2018 02:06:58PM   High Cup Motor Position started
Mon,03-Dec-2018 02:06:58PM   Low Cup Motor Position is ok
Mon,03-Dec-2018 02:06:58PM   High Cup Motor Position is ok
Mon,03-Dec-2018 02:07:00PM   Parameter Ramps done.
Mon,03-Dec-2018 02:07:13PM   Wash Autosampler.
Mon,03-Dec-2018 02:07:27PM   Moving Autosampler to Position 1, 1
Mon,03-Dec-2018 02:08:29PM   Autosampler done.

Reading cup configuration: Name: uth.ccf,Mass Set: Main.

Mon,03-Dec-2018 02:08:29PM   Current Experiment is EXP_MEASURE.
Mon,03-Dec-2018 02:08:29PM   Current Block is 1.

**************************************************************************
Current Settings at Start of Block 1:

Extraction[V]:         -2000.0
Focus[V]:              -613.6
Source Quad1[V]:       248.3
Rot-Quad1[V]:           -0.7
Foc-Quad1[V]:          -19.5
Rot-Quad2[V]:           -0.1
Source Offset[V]:        0.0
Matsuda Plate[V]:       -1.1
Cool Gas[l/min]:        16.2
Aux Gas[l/min]:          0.8
Sample Gas[l/min]:       0.8
Add Gas[l/min]:          0.0
Org Gas[l/min]:          0.0
Operation Power[W]:    1303.1
X-Pos[mm]:              -0.7
Y-Pos[mm]:              -2.3
Z-Pos[mm]:              -1.8
Ampl.-Temp[°C]:        46.81
Fore Vacuum[mbar]:     1.2699e-003
High Vacuum[mbar]:     2.2967e-007
IonGetter-Press[mbar]: 1.3565e-008

**************************************************************************
Mon,03-Dec-2018 02:16:13PM   CHeaterControl: Send Message TM_MEASURE_DONE.
