Thu,05-Mar-2020 11:14:50AM   Measurement started (Software version: 3.2.1.15 Preview_4).
Thu,05-Mar-2020 11:14:51AM   Move Cup L1 to Position  5.450
Thu,05-Mar-2020 11:14:51AM   Move Cup H1 to Position  6.525
Thu,05-Mar-2020 11:14:51AM   Move Cup H2 to Position 16.400
Thu,05-Mar-2020 11:14:51AM   Move Cup H3 to Position 31.500
Thu,05-Mar-2020 11:14:55AM   Waiting for Parameter Ramps...
Thu,05-Mar-2020 11:14:58AM   Low Cup Motor Position started
Thu,05-Mar-2020 11:14:58AM   High Cup Motor Position started
Thu,05-Mar-2020 11:14:58AM   High Cup Motor Position is ok
Thu,05-Mar-2020 11:14:58AM   Low Cup Motor Position is ok
Thu,05-Mar-2020 11:15:00AM   Parameter Ramps done.
Thu,05-Mar-2020 11:15:13AM   Wash Autosampler.
Thu,05-Mar-2020 11:15:27AM   Moving Autosampler to Position 0, 1
Thu,05-Mar-2020 11:16:39AM   Autosampler done.

Reading cup configuration: Name: uth.ccf,Mass Set: Main.

Thu,05-Mar-2020 11:16:39AM   Current Experiment is EXP_MEASURE.
Thu,05-Mar-2020 11:16:39AM   Current Block is 1.

**************************************************************************
Current Settings at Start of Block 1:

Extraction[V]:         -2000.0
Focus[V]:              -604.8
Source Quad1[V]:       248.2
Rot-Quad1[V]:           -0.7
Foc-Quad1[V]:          -19.5
Rot-Quad2[V]:           -0.1
Source Offset[V]:        0.0
Matsuda Plate[V]:       -1.1
Cool Gas[l/min]:        16.2
Aux Gas[l/min]:          0.8
Sample Gas[l/min]:       0.8
Add Gas[l/min]:          0.0
Org Gas[l/min]:          0.0
Operation Power[W]:    1302.6
X-Pos[mm]:              -0.5
Y-Pos[mm]:              -2.8
Z-Pos[mm]:              -1.9
Ampl.-Temp[°C]:        46.69
Fore Vacuum[mbar]:     1.0356e-003
High Vacuum[mbar]:     1.6356e-007
IonGetter-Press[mbar]: 3.0059e-009

**************************************************************************
Thu,05-Mar-2020 11:21:48AM   CHeaterControl: Send Message TM_MEASURE_DONE.
