Thu,05-Mar-2020 12:11:49PM   Measurement started (Software version: 3.2.1.15 Preview_4).
Thu,05-Mar-2020 12:11:50PM   Move Cup L1 to Position  5.450
Thu,05-Mar-2020 12:11:50PM   Move Cup H1 to Position  6.525
Thu,05-Mar-2020 12:11:50PM   Move Cup H2 to Position 16.400
Thu,05-Mar-2020 12:11:50PM   Move Cup H3 to Position 31.500
Thu,05-Mar-2020 12:11:53PM   Waiting for Parameter Ramps...
Thu,05-Mar-2020 12:11:57PM   Low Cup Motor Position started
Thu,05-Mar-2020 12:11:57PM   High Cup Motor Position started
Thu,05-Mar-2020 12:11:57PM   Low Cup Motor Position is ok
Thu,05-Mar-2020 12:11:57PM   High Cup Motor Position is ok
Thu,05-Mar-2020 12:11:59PM   Parameter Ramps done.
Thu,05-Mar-2020 12:12:12PM   Wash Autosampler.
Thu,05-Mar-2020 12:12:26PM   Moving Autosampler to Position 1, 1
Thu,05-Mar-2020 12:13:38PM   Autosampler done.

Reading cup configuration: Name: uth.ccf,Mass Set: Main.

Thu,05-Mar-2020 12:13:38PM   Current Experiment is EXP_MEASURE.
Thu,05-Mar-2020 12:13:38PM   Current Block is 1.

**************************************************************************
Current Settings at Start of Block 1:

Extraction[V]:         -2000.0
Focus[V]:              -604.8
Source Quad1[V]:       248.2
Rot-Quad1[V]:           -0.6
Foc-Quad1[V]:          -19.5
Rot-Quad2[V]:           -0.1
Source Offset[V]:        0.0
Matsuda Plate[V]:       -1.1
Cool Gas[l/min]:        16.2
Aux Gas[l/min]:          0.8
Sample Gas[l/min]:       0.8
Add Gas[l/min]:          0.0
Org Gas[l/min]:          0.0
Operation Power[W]:    1302.6
X-Pos[mm]:              -0.5
Y-Pos[mm]:              -2.8
Z-Pos[mm]:              -1.9
Ampl.-Temp[°C]:        46.72
Fore Vacuum[mbar]:     9.9951e-004
High Vacuum[mbar]:     1.8136e-007
IonGetter-Press[mbar]: 3.7640e-009

**************************************************************************
Thu,05-Mar-2020 12:21:15PM   CHeaterControl: Send Message TM_MEASURE_DONE.
