Fri,09-Nov-2018 12:13:38PM   Measurement started (Software version: 3.2.1.15 Preview_4).
Fri,09-Nov-2018 12:13:38PM   Move Cup L1 to Position  5.450
Fri,09-Nov-2018 12:13:38PM   Move Cup H1 to Position  6.525
Fri,09-Nov-2018 12:13:38PM   Move Cup H2 to Position 16.400
Fri,09-Nov-2018 12:13:38PM   Move Cup H3 to Position 31.500
Fri,09-Nov-2018 12:13:42PM   Waiting for Parameter Ramps...
Fri,09-Nov-2018 12:13:45PM   Low Cup Motor Position started
Fri,09-Nov-2018 12:13:45PM   High Cup Motor Position started
Fri,09-Nov-2018 12:13:45PM   Low Cup Motor Position is ok
Fri,09-Nov-2018 12:13:45PM   High Cup Motor Position is ok
Fri,09-Nov-2018 12:13:47PM   Parameter Ramps done.
Fri,09-Nov-2018 12:14:00PM   Wash Autosampler.
Fri,09-Nov-2018 12:14:14PM   Moving Autosampler to Position 1, 1
Fri,09-Nov-2018 12:15:16PM   Autosampler done.

Fri,09-Nov-2018 12:15:16PM   Current Experiment is EXP_PEAKCENTER.
Fri,09-Nov-2018 12:15:16PM   Exec PCL: PeakCenter(234.040945,8,0,0)
Fri,09-Nov-2018 12:15:16PM   Start PeakCenter
Fri,09-Nov-2018 12:15:16PM   CupPosition: 8.000000 
Fri,09-Nov-2018 12:15:19PM   Measured Intensity: 60.729291 
Fri,09-Nov-2018 12:15:19PM   Position HIGH 3 Cup 8  Mass 238.051  Pos  31.500  Ampl 10 Chan 0   Faraday 

Fri,09-Nov-2018 12:15:19PM   Old Mass: 238.050782 
Fri,09-Nov-2018 12:15:19PM   Center Mass: 234.040945  and used MassTolerance: 0.026005 
Fri,09-Nov-2018 12:16:01PM   MassDifference:	0.008680	 and New Mass: 238.042102 
Fri,09-Nov-2018 12:16:02PM   Peakcenter successful!

Fri,09-Nov-2018 12:16:03PM   Current Experiment is EXP_PEAKCENTER.
Fri,09-Nov-2018 12:16:04PM   Exec PCL: PeakCenter(230.033126,5,0,0)
Fri,09-Nov-2018 12:16:04PM   Start PeakCenter
Fri,09-Nov-2018 12:16:04PM   CupPosition: 5.000000 
Fri,09-Nov-2018 12:16:07PM   Measured Intensity: 0.000868 
Fri,09-Nov-2018 12:16:07PM   Position CENTER Cup 5  Mass 230.033  Pos   0.000  Ampl 9  Chan 1   Faraday Ion Counter SEM 

Fri,09-Nov-2018 12:16:07PM   Old Mass: 230.033126 
Fri,09-Nov-2018 12:16:07PM   Center Mass: 230.033126  and used MassTolerance: 0.025559 
Fri,09-Nov-2018 12:16:49PM   MassDifference:	0.002261	 and New Mass: 230.030865 
Fri,09-Nov-2018 12:16:50PM   Peakcenter successful!

Fri,09-Nov-2018 12:16:50PM   Current Experiment is EXP_PEAKCENTER.
Fri,09-Nov-2018 12:16:51PM   Exec PCL: PeakCenter(229.031755,5,0,0)
Fri,09-Nov-2018 12:16:51PM   Start PeakCenter
Fri,09-Nov-2018 12:16:51PM   CupPosition: 5.000000 
Fri,09-Nov-2018 12:16:53PM   Measured Intensity: 0.000650 
Fri,09-Nov-2018 12:16:53PM   Position CENTER Cup 5  Mass 229.032  Pos   0.000  Ampl 9  Chan 1   Faraday Ion Counter SEM 

Fri,09-Nov-2018 12:16:53PM   Old Mass: 229.031755 
Fri,09-Nov-2018 12:16:53PM   Center Mass: 229.031755  and used MassTolerance: 0.025448 
Fri,09-Nov-2018 12:17:36PM   MassDifference:	0.001756	 and New Mass: 229.029999 
Fri,09-Nov-2018 12:17:36PM   Peakcenter successful!

Reading cup configuration: Name: uth.ccf,Mass Set: Main.

Fri,09-Nov-2018 12:17:37PM   Current Experiment is EXP_MEASURE.
Fri,09-Nov-2018 12:17:37PM   Current Block is 1.

**************************************************************************
Current Settings at Start of Block 1:

Extraction[V]:         -2000.0
Focus[V]:              -621.4
Source Quad1[V]:       248.3
Rot-Quad1[V]:           -0.8
Foc-Quad1[V]:          -19.5
Rot-Quad2[V]:           -0.1
Source Offset[V]:        0.0
Matsuda Plate[V]:       -1.1
Cool Gas[l/min]:        16.2
Aux Gas[l/min]:          0.8
Sample Gas[l/min]:       0.8
Add Gas[l/min]:          0.0
Org Gas[l/min]:          0.0
Operation Power[W]:    1302.6
X-Pos[mm]:              -0.7
Y-Pos[mm]:              -2.2
Z-Pos[mm]:              -1.8
Ampl.-Temp[°C]:        46.79
Fore Vacuum[mbar]:     1.3862e-003
High Vacuum[mbar]:     2.5218e-007
IonGetter-Press[mbar]: 7.5589e-009

**************************************************************************
Fri,09-Nov-2018 12:24:17PM   CHeaterControl: Send Message TM_MEASURE_DONE.
