Wed,10-Feb-2021 12:14:10PM   Measurement started (Software version: 3.2.1.15 Preview_4).
Wed,10-Feb-2021 12:14:10PM   Move Cup L1 to Position  5.450
Wed,10-Feb-2021 12:14:10PM   Move Cup H1 to Position  6.525
Wed,10-Feb-2021 12:14:10PM   Move Cup H2 to Position 16.400
Wed,10-Feb-2021 12:14:10PM   Move Cup H3 to Position 31.500
Wed,10-Feb-2021 12:14:15PM   Waiting for Parameter Ramps...
Wed,10-Feb-2021 12:14:18PM   Low Cup Motor Position started
Wed,10-Feb-2021 12:14:18PM   High Cup Motor Position started
Wed,10-Feb-2021 12:14:18PM   Low Cup Motor Position is ok
Wed,10-Feb-2021 12:14:18PM   High Cup Motor Position is ok
Wed,10-Feb-2021 12:14:20PM   Parameter Ramps done.
Wed,10-Feb-2021 12:14:33PM   Wash Autosampler.
Wed,10-Feb-2021 12:14:47PM   Moving Autosampler to Position 1, 1
Wed,10-Feb-2021 12:15:50PM   Autosampler done.

Wed,10-Feb-2021 12:15:50PM   Current Experiment is EXP_PEAKCENTER.
Wed,10-Feb-2021 12:15:50PM   Exec PCL: PeakCenter(234.040945,8,0,0)
Wed,10-Feb-2021 12:15:50PM   Start PeakCenter
Wed,10-Feb-2021 12:15:51PM   CupPosition: 8.000000 
Wed,10-Feb-2021 12:15:53PM   Measured Intensity: 39.870057 
Wed,10-Feb-2021 12:15:53PM   Position HIGH 3 Cup 8  Mass 238.051  Pos  31.500  Ampl 10 Chan 0   Faraday 

Wed,10-Feb-2021 12:15:53PM   Old Mass: 238.050782 
Wed,10-Feb-2021 12:15:53PM   Center Mass: 234.040945  and used MassTolerance: 0.026005 
Wed,10-Feb-2021 12:16:36PM   MassDifference:	0.006764	 and New Mass: 238.057546 
Wed,10-Feb-2021 12:16:36PM   Peakcenter successful!

Wed,10-Feb-2021 12:16:37PM   Current Experiment is EXP_PEAKCENTER.
Wed,10-Feb-2021 12:16:38PM   Exec PCL: PeakCenter(230.033126,5,0,0)
Wed,10-Feb-2021 12:16:38PM   Start PeakCenter
Wed,10-Feb-2021 12:16:38PM   CupPosition: 5.000000 
Wed,10-Feb-2021 12:16:41PM   Measured Intensity: 0.000532 
Wed,10-Feb-2021 12:16:41PM   Position CENTER Cup 5  Mass 230.033  Pos   0.000  Ampl 9  Chan 1   Faraday Ion Counter SEM 

Wed,10-Feb-2021 12:16:41PM   Old Mass: 230.033126 
Wed,10-Feb-2021 12:16:41PM   Center Mass: 230.033126  and used MassTolerance: 0.025559 
Wed,10-Feb-2021 12:17:24PM   MassDifference:	0.008474	 and New Mass: 230.041600 
Wed,10-Feb-2021 12:17:24PM   Peakcenter successful!

Wed,10-Feb-2021 12:17:25PM   Current Experiment is EXP_PEAKCENTER.
Wed,10-Feb-2021 12:17:25PM   Exec PCL: PeakCenter(229.031755,5,0,0)
Wed,10-Feb-2021 12:17:25PM   Start PeakCenter
Wed,10-Feb-2021 12:17:25PM   CupPosition: 5.000000 
Wed,10-Feb-2021 12:17:28PM   Measured Intensity: 0.000421 
Wed,10-Feb-2021 12:17:28PM   Position CENTER Cup 5  Mass 229.032  Pos   0.000  Ampl 9  Chan 1   Faraday Ion Counter SEM 

Wed,10-Feb-2021 12:17:28PM   Old Mass: 229.031755 
Wed,10-Feb-2021 12:17:28PM   Center Mass: 229.031755  and used MassTolerance: 0.025448 
Wed,10-Feb-2021 12:18:10PM   MassDifference:	0.008252	 and New Mass: 229.040007 
Wed,10-Feb-2021 12:18:11PM   Peakcenter successful!

Reading cup configuration: Name: uth.ccf,Mass Set: Main.

Wed,10-Feb-2021 12:18:11PM   Current Experiment is EXP_MEASURE.
Wed,10-Feb-2021 12:18:11PM   Current Block is 1.

**************************************************************************
Current Settings at Start of Block 1:

Extraction[V]:         -2000.0
Focus[V]:              -635.1
Source Quad1[V]:       248.2
Rot-Quad1[V]:           -0.8
Foc-Quad1[V]:          -19.5
Rot-Quad2[V]:           -0.1
Source Offset[V]:        0.0
Matsuda Plate[V]:       -1.1
Cool Gas[l/min]:        16.2
Aux Gas[l/min]:          0.8
Sample Gas[l/min]:       0.9
Add Gas[l/min]:          0.0
Org Gas[l/min]:          0.0
Operation Power[W]:    1302.6
X-Pos[mm]:              -0.5
Y-Pos[mm]:              -2.2
Z-Pos[mm]:              -1.9
Ampl.-Temp[°C]:        46.70
Fore Vacuum[mbar]:     1.1798e-003
High Vacuum[mbar]:     1.8047e-007
IonGetter-Press[mbar]: 5.5794e-009

**************************************************************************
Wed,10-Feb-2021 12:26:19PM   CHeaterControl: Send Message TM_MEASURE_DONE.
